2023-01-09 15:20:35.286 [info] update#setState idle
2023-01-09 15:20:39.466 [info] Starting extension host with pid 390 (fork() took 41 ms).
2023-01-09 15:21:05.301 [info] update#setState checking for updates
2023-01-09 15:21:05.406 [info] update#setState idle
2023-01-09 16:17:08.794 [info] Extension host with pid 390 exited with code: 0, signal: null.
2023-01-09 16:17:11.656 [info] Starting extension host with pid 1668 (fork() took 39 ms).
2023-01-09 16:21:05.328 [info] update#setState checking for updates
2023-01-09 16:21:05.602 [info] update#setState idle
2023-01-09 17:30:26.908 [info] update#setState checking for updates
2023-01-09 17:30:27.355 [error] Error: net::ERR_NAME_NOT_RESOLVED
    at SimpleURLLoaderWrapper.<anonymous> (node:electron/js2c/browser_init:105:7047)
    at SimpleURLLoaderWrapper.emit (node:events:526:28)
2023-01-09 17:30:27.356 [info] update#setState idle
2023-01-09 18:30:25.411 [info] update#setState checking for updates
2023-01-09 18:30:25.596 [info] update#setState idle
2023-01-09 19:30:25.515 [info] update#setState checking for updates
2023-01-09 19:30:25.774 [info] update#setState idle
2023-01-09 21:43:44.914 [info] update#setState checking for updates
2023-01-09 21:43:44.960 [error] Error: net::ERR_NAME_NOT_RESOLVED
    at SimpleURLLoaderWrapper.<anonymous> (node:electron/js2c/browser_init:105:7047)
    at SimpleURLLoaderWrapper.emit (node:events:526:28)
2023-01-09 21:43:44.961 [info] update#setState idle
2023-01-09 22:40:06.109 [info] Waiting for extension host with pid 1668 to exit.
2023-01-09 22:40:06.175 [info] Extension host with pid 1668 exited with code: 0, signal: null.
