2023-01-09 15:20:42.317 [info] Extension host with pid 390 started
2023-01-09 15:20:42.679 [info] ExtensionService#_doActivateExtension vscode.html-language-features, startup: false, activationEvent: 'onLanguage:html'
2023-01-09 15:20:42.682 [info] ExtensionService#_doActivateExtension vscode.microsoft-authentication, startup: false, activationEvent: 'onAuthenticationRequest:microsoft'
2023-01-09 15:20:42.683 [info] ExtensionService#_doActivateExtension vscode.git-base, startup: true, activationEvent: '*', root cause: vscode.git
2023-01-09 15:20:43.529 [info] ExtensionService#_doActivateExtension vscode.git, startup: true, activationEvent: '*'
2023-01-09 15:20:43.531 [info] ExtensionService#_doActivateExtension vscode.github, startup: true, activationEvent: '*'
2023-01-09 15:20:44.014 [info] Eager extensions activated
2023-01-09 15:20:44.110 [info] ExtensionService#_doActivateExtension vscode.debug-auto-launch, startup: false, activationEvent: 'onStartupFinished'
2023-01-09 15:20:44.114 [info] ExtensionService#_doActivateExtension vscode.emmet, startup: false, activationEvent: 'onStartupFinished'
2023-01-09 15:20:44.123 [info] ExtensionService#_doActivateExtension vscode.merge-conflict, startup: false, activationEvent: 'onStartupFinished'
2023-01-09 15:20:45.832 [info] ExtensionService#_doActivateExtension vscode.github-authentication, startup: false, activationEvent: 'onAuthenticationRequest:github'
2023-01-09 16:15:40.798 [info] ExtensionService#_doActivateExtension vscode.configuration-editing, startup: false, activationEvent: 'onLanguage:jsonc'
2023-01-09 16:15:40.809 [info] ExtensionService#_doActivateExtension vscode.json-language-features, startup: false, activationEvent: 'onLanguage:jsonc'
2023-01-09 16:15:40.814 [info] ExtensionService#_doActivateExtension vscode.typescript-language-features, startup: false, activationEvent: 'onLanguage:jsonc'
2023-01-09 16:17:08.594 [info] Extension host terminating: received terminate message from renderer
2023-01-09 16:17:08.729 [info] Extension host with pid 390 exiting with code 0
2023-01-09 16:17:13.194 [info] Extension host with pid 1668 started
2023-01-09 16:17:13.194 [info] Skipping acquiring lock for /home/ulrich/.config/Code/User/workspaceStorage/f098ca15dfbec19ec51a876523fa1c74.
2023-01-09 16:17:13.488 [info] ExtensionService#_doActivateExtension vscode.microsoft-authentication, startup: false, activationEvent: 'onAuthenticationRequest:microsoft'
2023-01-09 16:17:13.494 [info] ExtensionService#_doActivateExtension vscode.git-base, startup: true, activationEvent: '*'
2023-01-09 16:17:13.636 [info] ExtensionService#_doActivateExtension vscode.github, startup: true, activationEvent: '*'
2023-01-09 16:17:13.811 [info] Eager extensions activated
2023-01-09 16:17:13.828 [info] ExtensionService#_doActivateExtension vscode.debug-auto-launch, startup: false, activationEvent: 'onStartupFinished'
2023-01-09 16:17:13.830 [info] ExtensionService#_doActivateExtension vscode.emmet, startup: false, activationEvent: 'onStartupFinished'
2023-01-09 16:17:13.835 [info] ExtensionService#_doActivateExtension vscode.merge-conflict, startup: false, activationEvent: 'onStartupFinished'
2023-01-09 16:17:14.054 [info] ExtensionService#_doActivateExtension vscode.github-authentication, startup: false, activationEvent: 'onAuthenticationRequest:github'
2023-01-09 16:17:25.696 [info] ExtensionService#_doActivateExtension vscode.git, startup: false, activationEvent: 'api', root cause: vscode.github
2023-01-09 16:17:39.791 [info] ExtensionService#_doActivateExtension vscode.html-language-features, startup: false, activationEvent: 'onLanguage:html'
2023-01-09 18:37:06.779 [info] ExtensionService#_doActivateExtension vscode.css-language-features, startup: false, activationEvent: 'onLanguage:css'
2023-01-09 22:40:05.954 [info] Extension host terminating: received terminate message from renderer
2023-01-09 22:40:06.062 [info] Extension host with pid 1668 exiting with code 0
