2023-01-10 09:11:16.953 [info] Log level: Info
2023-01-10 09:11:16.954 [info] Validating found git in: "git"
2023-01-10 09:11:16.954 [info] Using git "2.30.2" from "git"
2023-01-10 09:11:16.954 [info] > git rev-parse --show-toplevel [29ms]
2023-01-10 09:11:16.954 [info] fatal: not a git repository (or any of the parent directories): .git
2023-01-10 09:11:16.954 [info] > git rev-parse --show-toplevel [8ms]
2023-01-10 09:11:16.955 [info] fatal: not a git repository (or any of the parent directories): .git
2023-01-10 09:11:16.955 [info] > git rev-parse --show-toplevel [4ms]
2023-01-10 09:11:16.955 [info] fatal: not a git repository (or any of the parent directories): .git
2023-01-10 09:11:16.955 [info] > git rev-parse --show-toplevel [11ms]
2023-01-10 09:11:16.955 [info] fatal: not a git repository (or any of the parent directories): .git
2023-01-10 09:11:16.955 [info] > git rev-parse --show-toplevel [6ms]
2023-01-10 09:11:16.955 [info] fatal: not a git repository (or any of the parent directories): .git
2023-01-10 09:11:16.955 [info] > git rev-parse --show-toplevel [5ms]
2023-01-10 09:11:16.955 [info] fatal: not a git repository (or any of the parent directories): .git
2023-01-10 09:11:16.955 [info] > git rev-parse --show-toplevel [5ms]
2023-01-10 09:11:16.957 [info] fatal: not a git repository (or any of the parent directories): .git
2023-01-10 09:11:17.478 [info] > git rev-parse --show-toplevel [9ms]
2023-01-10 09:11:17.478 [info] fatal: not a git repository (or any of the parent directories): .git
2023-01-10 10:19:40.989 [info] > git rev-parse --show-toplevel [18ms]
2023-01-10 10:19:40.989 [info] fatal: not a git repository (or any of the parent directories): .git
2023-01-10 10:20:01.174 [info] > git rev-parse --show-toplevel [17ms]
2023-01-10 10:20:01.174 [info] fatal: not a git repository (or any of the parent directories): .git
2023-01-10 10:20:08.956 [info] > git rev-parse --show-toplevel [6ms]
2023-01-10 10:20:08.957 [info] fatal: not a git repository (or any of the parent directories): .git
2023-01-10 10:20:20.701 [info] > git rev-parse --show-toplevel [24ms]
2023-01-10 10:20:20.701 [info] fatal: not a git repository (or any of the parent directories): .git
2023-01-10 10:20:23.159 [info] > git rev-parse --show-toplevel [8ms]
2023-01-10 10:20:23.159 [info] fatal: not a git repository (or any of the parent directories): .git
2023-01-10 10:20:54.265 [info] > git rev-parse --show-toplevel [20ms]
2023-01-10 10:20:54.266 [info] fatal: not a git repository (or any of the parent directories): .git
2023-01-10 10:20:59.602 [info] > git rev-parse --show-toplevel [26ms]
2023-01-10 10:20:59.602 [info] fatal: not a git repository (or any of the parent directories): .git
2023-01-10 10:21:05.693 [info] > git rev-parse --show-toplevel [18ms]
2023-01-10 10:21:05.694 [info] fatal: not a git repository (or any of the parent directories): .git
2023-01-10 10:21:07.418 [info] > git rev-parse --show-toplevel [5ms]
2023-01-10 10:21:07.418 [info] fatal: not a git repository (or any of the parent directories): .git
2023-01-10 10:21:15.405 [info] > git rev-parse --show-toplevel [7ms]
2023-01-10 10:21:15.405 [info] fatal: not a git repository (or any of the parent directories): .git
2023-01-10 10:21:17.930 [info] > git rev-parse --show-toplevel [23ms]
2023-01-10 10:21:17.930 [info] fatal: not a git repository (or any of the parent directories): .git
2023-01-10 10:21:29.963 [info] > git rev-parse --show-toplevel [21ms]
2023-01-10 10:21:29.963 [info] fatal: not a git repository (or any of the parent directories): .git
2023-01-10 10:21:32.398 [info] > git rev-parse --show-toplevel [17ms]
2023-01-10 10:21:32.399 [info] fatal: not a git repository (or any of the parent directories): .git
2023-01-10 10:25:05.336 [info] > git rev-parse --show-toplevel [10ms]
2023-01-10 10:25:05.337 [info] fatal: not a git repository (or any of the parent directories): .git
2023-01-10 10:25:14.275 [info] > git rev-parse --show-toplevel [16ms]
2023-01-10 10:25:14.276 [info] fatal: not a git repository (or any of the parent directories): .git
2023-01-10 10:25:32.715 [info] > git rev-parse --show-toplevel [25ms]
2023-01-10 10:25:32.715 [info] fatal: not a git repository (or any of the parent directories): .git
2023-01-10 10:25:48.248 [info] > git rev-parse --show-toplevel [16ms]
2023-01-10 10:25:48.249 [info] fatal: not a git repository (or any of the parent directories): .git
2023-01-10 11:47:06.930 [info] > git rev-parse --show-toplevel [14ms]
2023-01-10 11:47:06.931 [info] fatal: not a git repository (or any of the parent directories): .git
2023-01-10 11:47:12.621 [info] > git rev-parse --show-toplevel [11ms]
2023-01-10 11:47:12.621 [info] fatal: not a git repository (or any of the parent directories): .git
2023-01-10 11:47:34.406 [info] > git rev-parse --show-toplevel [33ms]
2023-01-10 11:47:34.406 [info] fatal: not a git repository (or any of the parent directories): .git
2023-01-10 11:58:52.471 [info] > git rev-parse --show-toplevel [90ms]
2023-01-10 11:58:52.471 [info] fatal: not a git repository (or any of the parent directories): .git
2023-01-10 11:58:57.377 [info] > git rev-parse --show-toplevel [10ms]
2023-01-10 11:58:57.377 [info] fatal: not a git repository (or any of the parent directories): .git
2023-01-10 12:00:11.613 [info] > git rev-parse --show-toplevel [19ms]
2023-01-10 12:00:11.614 [info] fatal: not a git repository (or any of the parent directories): .git
2023-01-10 12:00:42.434 [info] > git rev-parse --show-toplevel [9ms]
2023-01-10 12:00:42.435 [info] fatal: not a git repository (or any of the parent directories): .git
2023-01-10 12:02:07.774 [info] > git rev-parse --show-toplevel [17ms]
2023-01-10 12:02:07.774 [info] fatal: not a git repository (or any of the parent directories): .git
2023-01-10 12:07:41.436 [info] > git rev-parse --show-toplevel [14ms]
2023-01-10 12:07:41.437 [info] fatal: not a git repository (or any of the parent directories): .git
2023-01-10 12:09:46.039 [info] > git rev-parse --show-toplevel [24ms]
2023-01-10 12:09:46.040 [info] fatal: not a git repository (or any of the parent directories): .git
2023-01-10 12:09:48.291 [info] > git rev-parse --show-toplevel [17ms]
2023-01-10 12:09:48.292 [info] fatal: not a git repository (or any of the parent directories): .git
2023-01-10 12:10:07.423 [info] > git rev-parse --show-toplevel [17ms]
2023-01-10 12:10:07.423 [info] fatal: not a git repository (or any of the parent directories): .git
2023-01-10 12:10:15.375 [info] > git rev-parse --show-toplevel [10ms]
2023-01-10 12:10:15.376 [info] fatal: not a git repository (or any of the parent directories): .git
2023-01-10 12:10:32.482 [info] > git rev-parse --show-toplevel [21ms]
2023-01-10 12:10:32.482 [info] fatal: not a git repository (or any of the parent directories): .git
2023-01-10 12:19:44.023 [info] > git rev-parse --show-toplevel [12ms]
2023-01-10 12:19:44.023 [info] fatal: not a git repository (or any of the parent directories): .git
2023-01-10 12:30:22.598 [info] > git rev-parse --show-toplevel [17ms]
2023-01-10 12:30:22.599 [info] fatal: not a git repository (or any of the parent directories): .git
2023-01-10 12:33:09.540 [info] > git rev-parse --show-toplevel [8ms]
2023-01-10 12:33:09.540 [info] fatal: not a git repository (or any of the parent directories): .git
2023-01-10 12:35:39.544 [info] > git rev-parse --show-toplevel [10ms]
2023-01-10 12:35:39.544 [info] fatal: not a git repository (or any of the parent directories): .git
2023-01-10 12:36:06.741 [info] > git rev-parse --show-toplevel [19ms]
2023-01-10 12:36:06.741 [info] fatal: not a git repository (or any of the parent directories): .git
2023-01-10 12:41:43.781 [info] > git rev-parse --show-toplevel [10ms]
2023-01-10 12:41:43.782 [info] fatal: not a git repository (or any of the parent directories): .git
2023-01-10 12:44:50.884 [info] > git rev-parse --show-toplevel [16ms]
2023-01-10 12:44:50.884 [info] fatal: not a git repository (or any of the parent directories): .git
2023-01-10 13:04:12.401 [info] > git rev-parse --show-toplevel [7ms]
2023-01-10 13:04:12.401 [info] fatal: not a git repository (or any of the parent directories): .git
2023-01-10 13:04:33.406 [info] > git rev-parse --show-toplevel [20ms]
2023-01-10 13:04:33.407 [info] fatal: not a git repository (or any of the parent directories): .git
2023-01-10 13:04:36.552 [info] > git rev-parse --show-toplevel [8ms]
2023-01-10 13:04:36.552 [info] fatal: not a git repository (or any of the parent directories): .git
2023-01-10 13:05:01.550 [info] > git rev-parse --show-toplevel [5ms]
2023-01-10 13:05:01.551 [info] fatal: not a git repository (or any of the parent directories): .git
2023-01-10 13:05:43.571 [info] > git rev-parse --show-toplevel [9ms]
2023-01-10 13:05:43.571 [info] fatal: not a git repository (or any of the parent directories): .git
2023-01-10 13:08:37.755 [info] > git rev-parse --show-toplevel [14ms]
2023-01-10 13:08:37.756 [info] fatal: not a git repository (or any of the parent directories): .git
2023-01-10 13:08:59.777 [info] > git rev-parse --show-toplevel [12ms]
2023-01-10 13:08:59.777 [info] fatal: not a git repository (or any of the parent directories): .git
2023-01-10 13:13:41.195 [info] > git rev-parse --show-toplevel [5ms]
2023-01-10 13:13:41.195 [info] fatal: not a git repository (or any of the parent directories): .git
2023-01-10 13:14:51.287 [info] > git rev-parse --show-toplevel [13ms]
2023-01-10 13:14:51.287 [info] fatal: not a git repository (or any of the parent directories): .git
2023-01-10 13:16:59.901 [info] > git rev-parse --show-toplevel [9ms]
2023-01-10 13:16:59.901 [info] fatal: not a git repository (or any of the parent directories): .git
2023-01-10 13:17:28.704 [info] > git rev-parse --show-toplevel [7ms]
2023-01-10 13:17:28.704 [info] fatal: not a git repository (or any of the parent directories): .git
2023-01-10 13:27:11.008 [info] > git rev-parse --show-toplevel [9ms]
2023-01-10 13:27:11.008 [info] fatal: not a git repository (or any of the parent directories): .git
2023-01-10 13:27:55.606 [info] > git rev-parse --show-toplevel [15ms]
2023-01-10 13:27:55.607 [info] fatal: not a git repository (or any of the parent directories): .git
2023-01-10 13:28:06.862 [info] > git rev-parse --show-toplevel [12ms]
2023-01-10 13:28:06.863 [info] fatal: not a git repository (or any of the parent directories): .git
2023-01-10 13:31:43.394 [info] > git rev-parse --show-toplevel [25ms]
2023-01-10 13:31:43.395 [info] fatal: not a git repository (or any of the parent directories): .git
2023-01-10 13:32:09.656 [info] > git rev-parse --show-toplevel [6ms]
2023-01-10 13:32:09.656 [info] fatal: not a git repository (or any of the parent directories): .git
2023-01-10 13:33:48.753 [info] > git rev-parse --show-toplevel [18ms]
2023-01-10 13:33:48.754 [info] fatal: not a git repository (or any of the parent directories): .git
2023-01-10 13:42:10.298 [info] > git rev-parse --show-toplevel [11ms]
2023-01-10 13:42:10.298 [info] fatal: not a git repository (or any of the parent directories): .git
2023-01-10 13:42:36.124 [info] > git rev-parse --show-toplevel [10ms]
2023-01-10 13:42:36.125 [info] fatal: not a git repository (or any of the parent directories): .git
2023-01-10 13:42:54.776 [info] > git rev-parse --show-toplevel [20ms]
2023-01-10 13:42:54.777 [info] fatal: not a git repository (or any of the parent directories): .git
2023-01-10 13:52:31.429 [info] > git rev-parse --show-toplevel [12ms]
2023-01-10 13:52:31.429 [info] fatal: not a git repository (or any of the parent directories): .git
2023-01-10 13:54:22.730 [info] > git rev-parse --show-toplevel [16ms]
2023-01-10 13:54:22.731 [info] fatal: not a git repository (or any of the parent directories): .git
2023-01-10 13:54:27.382 [info] > git rev-parse --show-toplevel [12ms]
2023-01-10 13:54:27.383 [info] fatal: not a git repository (or any of the parent directories): .git
2023-01-10 13:55:01.368 [info] > git rev-parse --show-toplevel [4ms]
2023-01-10 13:55:01.368 [info] fatal: not a git repository (or any of the parent directories): .git
2023-01-10 13:56:37.178 [info] > git rev-parse --show-toplevel [8ms]
2023-01-10 13:56:37.179 [info] fatal: not a git repository (or any of the parent directories): .git
2023-01-10 13:58:35.285 [info] > git rev-parse --show-toplevel [11ms]
2023-01-10 13:58:35.285 [info] fatal: not a git repository (or any of the parent directories): .git
2023-01-10 13:58:57.406 [info] > git rev-parse --show-toplevel [24ms]
2023-01-10 13:58:57.407 [info] fatal: not a git repository (or any of the parent directories): .git
2023-01-10 13:59:32.479 [info] > git rev-parse --show-toplevel [7ms]
2023-01-10 13:59:32.479 [info] fatal: not a git repository (or any of the parent directories): .git
2023-01-10 13:59:36.828 [info] > git rev-parse --show-toplevel [18ms]
2023-01-10 13:59:36.829 [info] fatal: not a git repository (or any of the parent directories): .git
2023-01-10 13:59:39.316 [info] > git rev-parse --show-toplevel [7ms]
2023-01-10 13:59:39.317 [info] fatal: not a git repository (or any of the parent directories): .git
2023-01-10 14:00:58.228 [info] > git rev-parse --show-toplevel [17ms]
2023-01-10 14:00:58.228 [info] fatal: not a git repository (or any of the parent directories): .git
2023-01-10 14:01:01.744 [info] > git rev-parse --show-toplevel [13ms]
2023-01-10 14:01:01.744 [info] fatal: not a git repository (or any of the parent directories): .git
2023-01-10 14:01:28.165 [info] > git rev-parse --show-toplevel [21ms]
2023-01-10 14:01:28.166 [info] fatal: not a git repository (or any of the parent directories): .git
2023-01-10 14:01:31.717 [info] > git rev-parse --show-toplevel [6ms]
2023-01-10 14:01:31.717 [info] fatal: not a git repository (or any of the parent directories): .git
2023-01-10 14:01:34.794 [info] > git rev-parse --show-toplevel [16ms]
2023-01-10 14:01:34.794 [info] fatal: not a git repository (or any of the parent directories): .git
2023-01-10 14:01:37.159 [info] > git rev-parse --show-toplevel [11ms]
2023-01-10 14:01:37.159 [info] fatal: not a git repository (or any of the parent directories): .git
2023-01-10 14:01:41.385 [info] > git rev-parse --show-toplevel [32ms]
2023-01-10 14:01:41.386 [info] fatal: not a git repository (or any of the parent directories): .git
2023-01-10 14:09:12.394 [info] > git rev-parse --show-toplevel [18ms]
2023-01-10 14:09:12.395 [info] fatal: not a git repository (or any of the parent directories): .git
2023-01-10 14:13:09.007 [info] > git rev-parse --show-toplevel [12ms]
2023-01-10 14:13:09.007 [info] fatal: not a git repository (or any of the parent directories): .git
2023-01-10 14:13:31.113 [info] > git rev-parse --show-toplevel [22ms]
2023-01-10 14:13:31.114 [info] fatal: not a git repository (or any of the parent directories): .git
2023-01-10 14:13:34.999 [info] > git rev-parse --show-toplevel [26ms]
2023-01-10 14:13:35.000 [info] fatal: not a git repository (or any of the parent directories): .git
2023-01-10 14:19:42.829 [info] > git rev-parse --show-toplevel [8ms]
2023-01-10 14:19:42.829 [info] fatal: not a git repository (or any of the parent directories): .git
2023-01-10 14:24:05.131 [info] > git rev-parse --show-toplevel [12ms]
2023-01-10 14:24:05.131 [info] fatal: not a git repository (or any of the parent directories): .git
2023-01-10 14:24:30.996 [info] > git rev-parse --show-toplevel [10ms]
2023-01-10 14:24:30.996 [info] fatal: not a git repository (or any of the parent directories): .git
2023-01-10 14:24:37.703 [info] > git rev-parse --show-toplevel [24ms]
2023-01-10 14:24:37.704 [info] fatal: not a git repository (or any of the parent directories): .git
2023-01-10 14:27:22.598 [info] > git rev-parse --show-toplevel [10ms]
2023-01-10 14:27:22.598 [info] fatal: not a git repository (or any of the parent directories): .git
2023-01-10 14:27:51.333 [info] > git rev-parse --show-toplevel [13ms]
2023-01-10 14:27:51.334 [info] fatal: not a git repository (or any of the parent directories): .git
2023-01-10 14:30:46.739 [info] > git rev-parse --show-toplevel [18ms]
2023-01-10 14:30:46.740 [info] fatal: not a git repository (or any of the parent directories): .git
2023-01-10 14:33:34.446 [info] > git rev-parse --show-toplevel [34ms]
2023-01-10 14:33:34.446 [info] fatal: not a git repository (or any of the parent directories): .git
2023-01-10 14:33:49.409 [info] > git rev-parse --show-toplevel [12ms]
2023-01-10 14:33:49.409 [info] fatal: not a git repository (or any of the parent directories): .git
2023-01-10 14:33:59.669 [info] > git rev-parse --show-toplevel [14ms]
2023-01-10 14:33:59.670 [info] fatal: not a git repository (or any of the parent directories): .git
2023-01-10 14:34:06.109 [info] > git rev-parse --show-toplevel [14ms]
2023-01-10 14:34:06.109 [info] fatal: not a git repository (or any of the parent directories): .git
2023-01-10 14:34:13.041 [info] > git rev-parse --show-toplevel [14ms]
2023-01-10 14:34:13.042 [info] fatal: not a git repository (or any of the parent directories): .git
2023-01-10 14:37:36.250 [info] > git rev-parse --show-toplevel [11ms]
2023-01-10 14:37:36.251 [info] fatal: not a git repository (or any of the parent directories): .git
2023-01-10 14:41:34.845 [info] > git rev-parse --show-toplevel [9ms]
2023-01-10 14:41:34.845 [info] fatal: not a git repository (or any of the parent directories): .git
2023-01-10 14:42:03.592 [info] > git rev-parse --show-toplevel [8ms]
2023-01-10 14:42:03.593 [info] fatal: not a git repository (or any of the parent directories): .git
2023-01-10 14:42:09.276 [info] > git rev-parse --show-toplevel [3ms]
2023-01-10 14:42:09.277 [info] fatal: not a git repository (or any of the parent directories): .git
2023-01-10 14:47:42.566 [info] > git rev-parse --show-toplevel [9ms]
2023-01-10 14:47:42.567 [info] fatal: not a git repository (or any of the parent directories): .git
2023-01-10 14:49:13.153 [info] > git rev-parse --show-toplevel [8ms]
2023-01-10 14:49:13.153 [info] fatal: not a git repository (or any of the parent directories): .git
2023-01-10 14:59:51.629 [info] > git rev-parse --show-toplevel [9ms]
2023-01-10 14:59:51.630 [info] fatal: not a git repository (or any of the parent directories): .git
2023-01-10 15:00:22.335 [info] > git rev-parse --show-toplevel [7ms]
2023-01-10 15:00:22.335 [info] fatal: not a git repository (or any of the parent directories): .git
2023-01-10 15:04:29.467 [info] > git rev-parse --show-toplevel [7ms]
2023-01-10 15:04:29.467 [info] fatal: not a git repository (or any of the parent directories): .git
2023-01-10 15:36:32.791 [info] > git rev-parse --show-toplevel [23ms]
2023-01-10 15:36:32.793 [info] fatal: not a git repository (or any of the parent directories): .git
2023-01-10 16:10:09.809 [info] > git rev-parse --show-toplevel [27ms]
2023-01-10 16:10:09.809 [info] fatal: not a git repository (or any of the parent directories): .git
2023-01-10 16:10:20.560 [info] > git rev-parse --show-toplevel [16ms]
2023-01-10 16:10:20.560 [info] fatal: not a git repository (or any of the parent directories): .git
2023-01-10 16:10:27.529 [info] > git rev-parse --show-toplevel [6ms]
2023-01-10 16:10:27.529 [info] fatal: not a git repository (or any of the parent directories): .git
2023-01-10 16:11:16.258 [info] > git rev-parse --show-toplevel [18ms]
2023-01-10 16:11:16.259 [info] fatal: not a git repository (or any of the parent directories): .git
2023-01-10 16:11:37.643 [info] > git rev-parse --show-toplevel [7ms]
2023-01-10 16:11:37.643 [info] fatal: not a git repository (or any of the parent directories): .git
2023-01-10 16:17:59.256 [info] > git rev-parse --show-toplevel [7ms]
2023-01-10 16:17:59.256 [info] fatal: not a git repository (or any of the parent directories): .git
2023-01-10 16:19:22.081 [info] > git rev-parse --show-toplevel [12ms]
2023-01-10 16:19:22.082 [info] fatal: not a git repository (or any of the parent directories): .git
2023-01-10 16:20:01.774 [info] > git rev-parse --show-toplevel [14ms]
2023-01-10 16:20:01.775 [info] fatal: not a git repository (or any of the parent directories): .git
2023-01-10 16:21:28.909 [info] > git rev-parse --show-toplevel [7ms]
2023-01-10 16:21:28.909 [info] fatal: not a git repository (or any of the parent directories): .git
2023-01-10 16:22:01.936 [info] > git rev-parse --show-toplevel [6ms]
2023-01-10 16:22:01.936 [info] fatal: not a git repository (or any of the parent directories): .git
2023-01-10 16:37:17.578 [info] > git rev-parse --show-toplevel [22ms]
2023-01-10 16:37:17.580 [info] fatal: not a git repository (or any of the parent directories): .git
2023-01-10 16:37:44.333 [info] > git rev-parse --show-toplevel [6ms]
2023-01-10 16:37:44.333 [info] fatal: not a git repository (or any of the parent directories): .git
2023-01-10 16:38:23.462 [info] > git rev-parse --show-toplevel [12ms]
2023-01-10 16:38:23.462 [info] fatal: not a git repository (or any of the parent directories): .git
2023-01-10 16:40:09.457 [info] > git rev-parse --show-toplevel [23ms]
2023-01-10 16:40:09.458 [info] fatal: not a git repository (or any of the parent directories): .git
2023-01-10 16:43:34.789 [info] > git rev-parse --show-toplevel [20ms]
2023-01-10 16:43:34.790 [info] fatal: not a git repository (or any of the parent directories): .git
2023-01-10 16:50:00.447 [info] > git rev-parse --show-toplevel [14ms]
2023-01-10 16:50:00.448 [info] fatal: not a git repository (or any of the parent directories): .git
2023-01-10 16:50:30.455 [info] > git rev-parse --show-toplevel [13ms]
2023-01-10 16:50:30.456 [info] fatal: not a git repository (or any of the parent directories): .git
2023-01-10 16:52:07.503 [info] > git rev-parse --show-toplevel [4ms]
2023-01-10 16:52:07.503 [info] fatal: not a git repository (or any of the parent directories): .git
2023-01-10 16:56:19.667 [info] > git rev-parse --show-toplevel [15ms]
2023-01-10 16:56:19.667 [info] fatal: not a git repository (or any of the parent directories): .git
2023-01-10 17:02:55.712 [info] > git rev-parse --show-toplevel [16ms]
2023-01-10 17:02:55.713 [info] fatal: not a git repository (or any of the parent directories): .git
2023-01-10 17:03:44.319 [info] > git rev-parse --show-toplevel [19ms]
2023-01-10 17:03:44.319 [info] fatal: not a git repository (or any of the parent directories): .git
2023-01-10 17:09:20.237 [info] > git rev-parse --show-toplevel [5ms]
2023-01-10 17:09:20.238 [info] fatal: not a git repository (or any of the parent directories): .git
2023-01-10 17:12:17.320 [info] > git rev-parse --show-toplevel [16ms]
2023-01-10 17:12:17.320 [info] fatal: not a git repository (or any of the parent directories): .git
2023-01-10 17:32:49.695 [info] > git rev-parse --show-toplevel [26ms]
2023-01-10 17:32:49.696 [info] fatal: not a git repository (or any of the parent directories): .git
2023-01-10 17:33:52.392 [info] > git rev-parse --show-toplevel [19ms]
2023-01-10 17:33:52.392 [info] fatal: not a git repository (or any of the parent directories): .git
2023-01-10 17:34:15.918 [info] > git rev-parse --show-toplevel [16ms]
2023-01-10 17:34:15.919 [info] fatal: not a git repository (or any of the parent directories): .git
2023-01-10 17:34:31.346 [info] > git rev-parse --show-toplevel [5ms]
2023-01-10 17:34:31.346 [info] fatal: not a git repository (or any of the parent directories): .git
2023-01-10 17:36:11.796 [info] > git rev-parse --show-toplevel [12ms]
2023-01-10 17:36:11.796 [info] fatal: not a git repository (or any of the parent directories): .git
2023-01-10 17:36:19.266 [info] > git rev-parse --show-toplevel [7ms]
2023-01-10 17:36:19.266 [info] fatal: not a git repository (or any of the parent directories): .git
2023-01-10 17:48:57.685 [info] > git rev-parse --show-toplevel [12ms]
2023-01-10 17:48:57.686 [info] fatal: not a git repository (or any of the parent directories): .git
2023-01-10 17:49:27.073 [info] > git rev-parse --show-toplevel [12ms]
2023-01-10 17:49:27.073 [info] fatal: not a git repository (or any of the parent directories): .git
2023-01-10 17:51:31.466 [info] > git rev-parse --show-toplevel [13ms]
2023-01-10 17:51:31.466 [info] fatal: not a git repository (or any of the parent directories): .git
2023-01-10 17:52:08.744 [info] > git rev-parse --show-toplevel [16ms]
2023-01-10 17:52:08.744 [info] fatal: not a git repository (or any of the parent directories): .git
2023-01-10 17:52:15.880 [info] > git rev-parse --show-toplevel [10ms]
2023-01-10 17:52:15.881 [info] fatal: not a git repository (or any of the parent directories): .git
2023-01-10 17:53:27.304 [info] > git rev-parse --show-toplevel [28ms]
2023-01-10 17:53:27.305 [info] fatal: not a git repository (or any of the parent directories): .git
2023-01-10 18:09:00.691 [info] > git rev-parse --show-toplevel [9ms]
2023-01-10 18:09:00.691 [info] fatal: not a git repository (or any of the parent directories): .git
2023-01-10 18:09:04.646 [info] > git rev-parse --show-toplevel [9ms]
2023-01-10 18:09:04.646 [info] fatal: not a git repository (or any of the parent directories): .git
2023-01-10 18:12:28.302 [info] > git rev-parse --show-toplevel [24ms]
2023-01-10 18:12:28.303 [info] fatal: not a git repository (or any of the parent directories): .git
2023-01-10 18:15:17.314 [info] > git rev-parse --show-toplevel [11ms]
2023-01-10 18:15:17.315 [info] fatal: not a git repository (or any of the parent directories): .git
2023-01-10 18:18:59.362 [info] > git rev-parse --show-toplevel [10ms]
2023-01-10 18:18:59.363 [info] fatal: not a git repository (or any of the parent directories): .git
2023-01-10 18:20:27.316 [info] > git rev-parse --show-toplevel [4ms]
2023-01-10 18:20:27.317 [info] fatal: not a git repository (or any of the parent directories): .git
2023-01-10 18:34:41.485 [info] > git rev-parse --show-toplevel [10ms]
2023-01-10 18:34:41.486 [info] fatal: not a git repository (or any of the parent directories): .git
2023-01-10 18:41:58.355 [info] > git rev-parse --show-toplevel [17ms]
2023-01-10 18:41:58.356 [info] fatal: not a git repository (or any of the parent directories): .git
2023-01-10 18:47:29.468 [info] > git rev-parse --show-toplevel [8ms]
2023-01-10 18:47:29.469 [info] fatal: not a git repository (or any of the parent directories): .git
2023-01-10 18:52:07.948 [info] > git rev-parse --show-toplevel [10ms]
2023-01-10 18:52:07.948 [info] fatal: not a git repository (or any of the parent directories): .git
2023-01-10 18:53:01.892 [info] > git rev-parse --show-toplevel [9ms]
2023-01-10 18:53:01.892 [info] fatal: not a git repository (or any of the parent directories): .git
2023-01-10 18:53:11.806 [info] > git rev-parse --show-toplevel [11ms]
2023-01-10 18:53:11.807 [info] fatal: not a git repository (or any of the parent directories): .git
2023-01-10 18:53:51.330 [info] > git rev-parse --show-toplevel [9ms]
2023-01-10 18:53:51.330 [info] fatal: not a git repository (or any of the parent directories): .git
2023-01-10 18:54:00.356 [info] > git rev-parse --show-toplevel [5ms]
2023-01-10 18:54:00.356 [info] fatal: not a git repository (or any of the parent directories): .git
2023-01-10 18:54:37.808 [info] > git rev-parse --show-toplevel [11ms]
2023-01-10 18:54:37.809 [info] fatal: not a git repository (or any of the parent directories): .git
2023-01-10 18:54:43.561 [info] > git rev-parse --show-toplevel [9ms]
2023-01-10 18:54:43.561 [info] fatal: not a git repository (or any of the parent directories): .git
2023-01-10 18:55:41.329 [info] > git rev-parse --show-toplevel [9ms]
2023-01-10 18:55:41.329 [info] fatal: not a git repository (or any of the parent directories): .git
2023-01-10 19:12:01.143 [info] > git rev-parse --show-toplevel [12ms]
2023-01-10 19:12:01.143 [info] fatal: not a git repository (or any of the parent directories): .git
2023-01-10 19:12:10.924 [info] > git rev-parse --show-toplevel [14ms]
2023-01-10 19:12:10.924 [info] fatal: not a git repository (or any of the parent directories): .git
2023-01-10 19:23:21.204 [info] > git rev-parse --show-toplevel [8ms]
2023-01-10 19:23:21.204 [info] fatal: not a git repository (or any of the parent directories): .git
2023-01-10 19:23:31.464 [info] > git rev-parse --show-toplevel [11ms]
2023-01-10 19:23:31.465 [info] fatal: not a git repository (or any of the parent directories): .git
2023-01-10 19:25:23.608 [info] > git rev-parse --show-toplevel [11ms]
2023-01-10 19:25:23.608 [info] fatal: not a git repository (or any of the parent directories): .git
2023-01-10 19:25:39.291 [info] > git rev-parse --show-toplevel [6ms]
2023-01-10 19:25:39.291 [info] fatal: not a git repository (or any of the parent directories): .git
2023-01-10 19:27:14.962 [info] > git rev-parse --show-toplevel [22ms]
2023-01-10 19:27:14.963 [info] fatal: not a git repository (or any of the parent directories): .git
2023-01-10 19:29:07.992 [info] > git rev-parse --show-toplevel [16ms]
2023-01-10 19:29:07.992 [info] fatal: not a git repository (or any of the parent directories): .git
2023-01-10 19:32:22.901 [info] > git rev-parse --show-toplevel [12ms]
2023-01-10 19:32:22.901 [info] fatal: not a git repository (or any of the parent directories): .git
2023-01-10 20:49:33.529 [info] > git rev-parse --show-toplevel [5ms]
2023-01-10 20:49:33.581 [info] > git rev-parse --git-dir --git-common-dir [4ms]
2023-01-10 20:49:33.663 [info] Open repository: /home/ulrich
2023-01-10 20:49:33.751 [warning] No remotes found in the git config file.
2023-01-10 20:49:33.754 [info] > git config --get commit.template [51ms]
2023-01-10 20:49:33.806 [info] > git remote --verbose [56ms]
2023-01-10 20:49:33.807 [info] > git for-each-ref --format=%(refname)%00%(upstream:short)%00%(objectname)%00%(upstream:track)%00%(upstream:remotename)%00%(upstream:remoteref) refs/heads/master refs/remotes/master [15ms]
2023-01-10 20:49:33.883 [info] > git for-each-ref --sort -committerdate --format %(refname) %(objectname) %(*objectname) [5ms]
2023-01-10 20:49:33.900 [info] > git status -z -uall [58ms]
2023-01-10 20:49:34.016 [warning] No remotes found in the git config file.
2023-01-10 20:49:34.305 [info] > git remote --verbose [289ms]
2023-01-10 20:49:34.306 [info] > git config --get commit.template [311ms]
2023-01-10 20:49:34.348 [info] > git for-each-ref --format=%(refname)%00%(upstream:short)%00%(objectname)%00%(upstream:track)%00%(upstream:remotename)%00%(upstream:remoteref) refs/heads/master refs/remotes/master [57ms]
2023-01-10 20:49:34.428 [info] > git check-ignore -v -z --stdin [90ms]
2023-01-10 20:49:34.434 [info] > git status -z -uall [61ms]
2023-01-10 20:49:34.455 [info] > git for-each-ref --sort -committerdate --format %(refname) %(objectname) %(*objectname) [33ms]
2023-01-10 20:49:35.054 [info] > git show --textconv :Page Google.html [151ms]
2023-01-10 20:49:35.055 [info] > git show --textconv :feuille style.css [128ms]
2023-01-10 20:49:35.055 [info] > git show --textconv : Google.html [105ms]
2023-01-10 20:49:35.055 [info] > git ls-files --stage -- /home/ulrich/ Google.html [37ms]
2023-01-10 20:49:35.059 [info] > git ls-files --stage -- /home/ulrich/feuille style.css [62ms]
2023-01-10 20:49:35.060 [info] > git ls-files --stage -- /home/ulrich/Page Google.html [80ms]
2023-01-10 20:49:36.024 [warning] No remotes found in the git config file.
2023-01-10 20:49:36.026 [info] > git config --get commit.template [89ms]
2023-01-10 20:49:36.028 [info] > git for-each-ref --format=%(refname)%00%(upstream:short)%00%(objectname)%00%(upstream:track)%00%(upstream:remotename)%00%(upstream:remoteref) refs/heads/master refs/remotes/master [46ms]
2023-01-10 20:49:36.030 [info] > git remote --verbose [5ms]
2023-01-10 20:49:36.086 [info] > git status -z -uall [21ms]
2023-01-10 20:49:36.091 [info] > git for-each-ref --sort -committerdate --format %(refname) %(objectname) %(*objectname) [7ms]
2023-01-10 20:49:50.305 [info] > git config --get commit.template [6ms]
2023-01-10 20:49:50.385 [warning] No remotes found in the git config file.
2023-01-10 20:49:50.386 [info] > git for-each-ref --format=%(refname)%00%(upstream:short)%00%(objectname)%00%(upstream:track)%00%(upstream:remotename)%00%(upstream:remoteref) refs/heads/master refs/remotes/master [42ms]
2023-01-10 20:49:50.389 [info] > git remote --verbose [5ms]
2023-01-10 20:49:50.449 [info] > git status -z -uall [32ms]
2023-01-10 20:49:50.454 [info] > git for-each-ref --sort -committerdate --format %(refname) %(objectname) %(*objectname) [7ms]
2023-01-10 20:49:55.556 [warning] No remotes found in the git config file.
2023-01-10 20:49:55.607 [info] > git remote --verbose [51ms]
2023-01-10 20:49:55.607 [info] > git config --get commit.template [94ms]
2023-01-10 20:49:55.608 [info] > git for-each-ref --format=%(refname)%00%(upstream:short)%00%(objectname)%00%(upstream:track)%00%(upstream:remotename)%00%(upstream:remoteref) refs/heads/master refs/remotes/master [3ms]
2023-01-10 20:49:55.684 [info] > git status -z -uall [41ms]
2023-01-10 20:49:55.685 [info] > git for-each-ref --sort -committerdate --format %(refname) %(objectname) %(*objectname) [6ms]
2023-01-10 20:50:00.845 [info] > git config --get commit.template [54ms]
2023-01-10 20:50:00.879 [warning] No remotes found in the git config file.
2023-01-10 20:50:00.880 [info] > git for-each-ref --format=%(refname)%00%(upstream:short)%00%(objectname)%00%(upstream:track)%00%(upstream:remotename)%00%(upstream:remoteref) refs/heads/master refs/remotes/master [39ms]
2023-01-10 20:50:00.882 [info] > git remote --verbose [4ms]
2023-01-10 20:50:00.955 [info] > git status -z -uall [42ms]
2023-01-10 20:50:00.965 [info] > git for-each-ref --sort -committerdate --format %(refname) %(objectname) %(*objectname) [17ms]
2023-01-10 20:50:06.057 [info] > git config --get commit.template [5ms]
2023-01-10 20:50:06.141 [warning] No remotes found in the git config file.
2023-01-10 20:50:06.144 [info] > git remote --verbose [2ms]
2023-01-10 20:50:06.144 [info] > git for-each-ref --format=%(refname)%00%(upstream:short)%00%(objectname)%00%(upstream:track)%00%(upstream:remotename)%00%(upstream:remoteref) refs/heads/master refs/remotes/master [46ms]
2023-01-10 20:50:06.223 [info] > git status -z -uall [42ms]
2023-01-10 20:50:06.237 [info] > git for-each-ref --sort -committerdate --format %(refname) %(objectname) %(*objectname) [18ms]
2023-01-10 20:50:11.365 [info] > git config --get commit.template [49ms]
2023-01-10 20:50:11.397 [warning] No remotes found in the git config file.
2023-01-10 20:50:11.399 [info] > git for-each-ref --format=%(refname)%00%(upstream:short)%00%(objectname)%00%(upstream:track)%00%(upstream:remotename)%00%(upstream:remoteref) refs/heads/master refs/remotes/master [36ms]
2023-01-10 20:50:11.401 [info] > git remote --verbose [5ms]
2023-01-10 20:50:11.490 [info] > git status -z -uall [39ms]
2023-01-10 20:50:11.500 [info] > git for-each-ref --sort -committerdate --format %(refname) %(objectname) %(*objectname) [14ms]
2023-01-10 20:50:16.627 [warning] No remotes found in the git config file.
2023-01-10 20:50:16.662 [info] > git config --get commit.template [84ms]
2023-01-10 20:50:16.665 [info] > git remote --verbose [37ms]
2023-01-10 20:50:16.666 [info] > git for-each-ref --format=%(refname)%00%(upstream:short)%00%(objectname)%00%(upstream:track)%00%(upstream:remotename)%00%(upstream:remoteref) refs/heads/master refs/remotes/master [7ms]
2023-01-10 20:50:16.734 [info] > git status -z -uall [37ms]
2023-01-10 20:50:16.745 [info] > git for-each-ref --sort -committerdate --format %(refname) %(objectname) %(*objectname) [13ms]
2023-01-10 20:50:21.934 [warning] No remotes found in the git config file.
2023-01-10 20:50:21.938 [info] > git config --get commit.template [83ms]
2023-01-10 20:50:21.940 [info] > git remote --verbose [6ms]
2023-01-10 20:50:21.941 [info] > git for-each-ref --format=%(refname)%00%(upstream:short)%00%(objectname)%00%(upstream:track)%00%(upstream:remotename)%00%(upstream:remoteref) refs/heads/master refs/remotes/master [47ms]
2023-01-10 20:50:22.024 [info] > git status -z -uall [42ms]
2023-01-10 20:50:22.037 [info] > git for-each-ref --sort -committerdate --format %(refname) %(objectname) %(*objectname) [16ms]
2023-01-10 20:50:27.138 [info] > git config --get commit.template [7ms]
2023-01-10 20:50:27.180 [warning] No remotes found in the git config file.
2023-01-10 20:50:27.226 [info] > git remote --verbose [47ms]
2023-01-10 20:50:27.230 [info] > git for-each-ref --format=%(refname)%00%(upstream:short)%00%(objectname)%00%(upstream:track)%00%(upstream:remotename)%00%(upstream:remoteref) refs/heads/master refs/remotes/master [7ms]
2023-01-10 20:50:27.311 [info] > git status -z -uall [40ms]
2023-01-10 20:50:27.319 [info] > git for-each-ref --sort -committerdate --format %(refname) %(objectname) %(*objectname) [12ms]
2023-01-10 20:50:32.389 [info] > git config --get commit.template [6ms]
2023-01-10 20:50:32.448 [warning] No remotes found in the git config file.
2023-01-10 20:50:32.449 [info] > git remote --verbose [2ms]
2023-01-10 20:50:32.449 [info] > git for-each-ref --format=%(refname)%00%(upstream:short)%00%(objectname)%00%(upstream:track)%00%(upstream:remotename)%00%(upstream:remoteref) refs/heads/master refs/remotes/master [31ms]
2023-01-10 20:50:32.504 [info] > git status -z -uall [29ms]
2023-01-10 20:50:32.511 [info] > git for-each-ref --sort -committerdate --format %(refname) %(objectname) %(*objectname) [9ms]
2023-01-10 20:50:52.288 [warning] No remotes found in the git config file.
2023-01-10 20:50:52.294 [info] > git for-each-ref --format=%(refname)%00%(upstream:short)%00%(objectname)%00%(upstream:track)%00%(upstream:remotename)%00%(upstream:remoteref) refs/heads/master refs/remotes/master [43ms]
2023-01-10 20:50:52.296 [info] > git config --get commit.template [79ms]
2023-01-10 20:50:52.297 [info] > git remote --verbose [10ms]
2023-01-10 20:50:52.376 [info] > git status -z -uall [40ms]
2023-01-10 20:50:52.390 [info] > git for-each-ref --sort -committerdate --format %(refname) %(objectname) %(*objectname) [19ms]
2023-01-10 20:50:57.516 [info] > git config --get commit.template [13ms]
2023-01-10 20:50:57.606 [warning] No remotes found in the git config file.
2023-01-10 20:50:57.608 [info] > git for-each-ref --format=%(refname)%00%(upstream:short)%00%(objectname)%00%(upstream:track)%00%(upstream:remotename)%00%(upstream:remoteref) refs/heads/master refs/remotes/master [49ms]
2023-01-10 20:50:57.610 [info] > git remote --verbose [5ms]
2023-01-10 20:50:57.701 [info] > git status -z -uall [49ms]
2023-01-10 20:50:57.711 [info] > git for-each-ref --sort -committerdate --format %(refname) %(objectname) %(*objectname) [14ms]
2023-01-10 20:51:02.836 [warning] No remotes found in the git config file.
2023-01-10 20:51:02.867 [info] > git config --get commit.template [54ms]
2023-01-10 20:51:02.871 [info] > git remote --verbose [34ms]
2023-01-10 20:51:02.873 [info] > git for-each-ref --format=%(refname)%00%(upstream:short)%00%(objectname)%00%(upstream:track)%00%(upstream:remotename)%00%(upstream:remoteref) refs/heads/master refs/remotes/master [7ms]
2023-01-10 20:51:02.953 [info] > git status -z -uall [38ms]
2023-01-10 20:51:02.966 [info] > git for-each-ref --sort -committerdate --format %(refname) %(objectname) %(*objectname) [16ms]
2023-01-10 20:51:08.115 [info] > git config --get commit.template [58ms]
2023-01-10 20:51:08.163 [warning] No remotes found in the git config file.
2023-01-10 20:51:08.166 [info] > git for-each-ref --format=%(refname)%00%(upstream:short)%00%(objectname)%00%(upstream:track)%00%(upstream:remotename)%00%(upstream:remoteref) refs/heads/master refs/remotes/master [58ms]
2023-01-10 20:51:08.168 [info] > git remote --verbose [5ms]
2023-01-10 20:51:08.234 [info] > git status -z -uall [33ms]
2023-01-10 20:51:08.244 [info] > git for-each-ref --sort -committerdate --format %(refname) %(objectname) %(*objectname) [12ms]
2023-01-10 20:51:13.359 [info] > git config --get commit.template [3ms]
2023-01-10 20:51:13.475 [warning] No remotes found in the git config file.
2023-01-10 20:51:13.478 [info] > git for-each-ref --format=%(refname)%00%(upstream:short)%00%(objectname)%00%(upstream:track)%00%(upstream:remotename)%00%(upstream:remoteref) refs/heads/master refs/remotes/master [56ms]
2023-01-10 20:51:13.480 [info] > git remote --verbose [5ms]
2023-01-10 20:51:13.583 [info] > git status -z -uall [48ms]
2023-01-10 20:51:13.593 [info] > git for-each-ref --sort -committerdate --format %(refname) %(objectname) %(*objectname) [12ms]
2023-01-10 20:51:18.732 [warning] No remotes found in the git config file.
2023-01-10 20:51:18.779 [info] > git remote --verbose [47ms]
2023-01-10 20:51:18.781 [info] > git config --get commit.template [96ms]
2023-01-10 20:51:18.784 [info] > git for-each-ref --format=%(refname)%00%(upstream:short)%00%(objectname)%00%(upstream:track)%00%(upstream:remotename)%00%(upstream:remoteref) refs/heads/master refs/remotes/master [8ms]
2023-01-10 20:51:18.866 [info] > git status -z -uall [42ms]
2023-01-10 20:51:18.877 [info] > git for-each-ref --sort -committerdate --format %(refname) %(objectname) %(*objectname) [14ms]
2023-01-10 20:51:42.779 [info] > git config --get commit.template [6ms]
2023-01-10 20:51:42.837 [warning] No remotes found in the git config file.
2023-01-10 20:51:42.840 [info] > git for-each-ref --format=%(refname)%00%(upstream:short)%00%(objectname)%00%(upstream:track)%00%(upstream:remotename)%00%(upstream:remoteref) refs/heads/master refs/remotes/master [31ms]
2023-01-10 20:51:42.843 [info] > git remote --verbose [7ms]
2023-01-10 20:51:42.910 [info] > git status -z -uall [36ms]
2023-01-10 20:51:42.920 [info] > git for-each-ref --sort -committerdate --format %(refname) %(objectname) %(*objectname) [15ms]
2023-01-10 20:51:48.047 [info] > git config --get commit.template [46ms]
2023-01-10 20:51:48.082 [warning] No remotes found in the git config file.
2023-01-10 20:51:48.086 [info] > git remote --verbose [4ms]
2023-01-10 20:51:48.086 [info] > git for-each-ref --format=%(refname)%00%(upstream:short)%00%(objectname)%00%(upstream:track)%00%(upstream:remotename)%00%(upstream:remoteref) refs/heads/master refs/remotes/master [41ms]
2023-01-10 20:51:48.182 [info] > git status -z -uall [44ms]
2023-01-10 20:51:48.192 [info] > git for-each-ref --sort -committerdate --format %(refname) %(objectname) %(*objectname) [13ms]
2023-01-10 20:51:53.317 [info] > git config --get commit.template [4ms]
2023-01-10 20:51:53.401 [warning] No remotes found in the git config file.
2023-01-10 20:51:53.404 [info] > git for-each-ref --format=%(refname)%00%(upstream:short)%00%(objectname)%00%(upstream:track)%00%(upstream:remotename)%00%(upstream:remoteref) refs/heads/master refs/remotes/master [47ms]
2023-01-10 20:51:53.406 [info] > git remote --verbose [5ms]
2023-01-10 20:51:53.500 [info] > git status -z -uall [49ms]
2023-01-10 20:51:53.512 [info] > git for-each-ref --sort -committerdate --format %(refname) %(objectname) %(*objectname) [15ms]
2023-01-10 20:51:58.638 [warning] No remotes found in the git config file.
2023-01-10 20:51:58.687 [info] > git remote --verbose [50ms]
2023-01-10 20:51:58.688 [info] > git config --get commit.template [96ms]
2023-01-10 20:51:58.690 [info] > git for-each-ref --format=%(refname)%00%(upstream:short)%00%(objectname)%00%(upstream:track)%00%(upstream:remotename)%00%(upstream:remoteref) refs/heads/master refs/remotes/master [5ms]
2023-01-10 20:51:58.785 [info] > git status -z -uall [49ms]
2023-01-10 20:51:58.795 [info] > git for-each-ref --sort -committerdate --format %(refname) %(objectname) %(*objectname) [12ms]
2023-01-10 20:52:03.958 [warning] No remotes found in the git config file.
2023-01-10 20:52:03.960 [info] > git config --get commit.template [96ms]
2023-01-10 20:52:03.963 [info] > git remote --verbose [5ms]
2023-01-10 20:52:03.963 [info] > git for-each-ref --format=%(refname)%00%(upstream:short)%00%(objectname)%00%(upstream:track)%00%(upstream:remotename)%00%(upstream:remoteref) refs/heads/master refs/remotes/master [38ms]
2023-01-10 20:52:04.063 [info] > git status -z -uall [47ms]
2023-01-10 20:52:04.073 [info] > git for-each-ref --sort -committerdate --format %(refname) %(objectname) %(*objectname) [12ms]
2023-01-10 20:52:09.165 [info] > git config --get commit.template [11ms]
2023-01-10 20:52:09.256 [warning] No remotes found in the git config file.
2023-01-10 20:52:09.257 [info] > git remote --verbose [2ms]
2023-01-10 20:52:09.257 [info] > git for-each-ref --format=%(refname)%00%(upstream:short)%00%(objectname)%00%(upstream:track)%00%(upstream:remotename)%00%(upstream:remoteref) refs/heads/master refs/remotes/master [51ms]
2023-01-10 20:52:09.314 [info] > git status -z -uall [27ms]
2023-01-10 20:52:09.319 [info] > git for-each-ref --sort -committerdate --format %(refname) %(objectname) %(*objectname) [7ms]
2023-01-10 20:52:14.417 [info] > git config --get commit.template [6ms]
2023-01-10 20:52:14.508 [warning] No remotes found in the git config file.
2023-01-10 20:52:14.511 [info] > git for-each-ref --format=%(refname)%00%(upstream:short)%00%(objectname)%00%(upstream:track)%00%(upstream:remotename)%00%(upstream:remoteref) refs/heads/master refs/remotes/master [42ms]
2023-01-10 20:52:14.513 [info] > git remote --verbose [6ms]
2023-01-10 20:52:14.588 [info] > git status -z -uall [37ms]
2023-01-10 20:52:14.597 [info] > git for-each-ref --sort -committerdate --format %(refname) %(objectname) %(*objectname) [13ms]
2023-01-10 20:52:19.704 [info] > git config --get commit.template [5ms]
2023-01-10 20:52:19.811 [warning] No remotes found in the git config file.
2023-01-10 20:52:19.815 [info] > git remote --verbose [5ms]
2023-01-10 20:52:19.816 [info] > git for-each-ref --format=%(refname)%00%(upstream:short)%00%(objectname)%00%(upstream:track)%00%(upstream:remotename)%00%(upstream:remoteref) refs/heads/master refs/remotes/master [55ms]
2023-01-10 20:52:19.913 [info] > git status -z -uall [50ms]
2023-01-10 20:52:19.914 [info] > git for-each-ref --sort -committerdate --format %(refname) %(objectname) %(*objectname) [3ms]
2023-01-10 20:52:25.084 [warning] No remotes found in the git config file.
2023-01-10 20:52:25.087 [info] > git config --get commit.template [94ms]
2023-01-10 20:52:25.089 [info] > git for-each-ref --format=%(refname)%00%(upstream:short)%00%(objectname)%00%(upstream:track)%00%(upstream:remotename)%00%(upstream:remoteref) refs/heads/master refs/remotes/master [50ms]
2023-01-10 20:52:25.091 [info] > git remote --verbose [7ms]
2023-01-10 20:52:25.159 [info] > git status -z -uall [37ms]
2023-01-10 20:52:25.170 [info] > git for-each-ref --sort -committerdate --format %(refname) %(objectname) %(*objectname) [14ms]
2023-01-10 20:52:26.707 [info] > git check-ignore -v -z --stdin [14ms]
2023-01-10 20:52:30.266 [info] > git config --get commit.template [7ms]
2023-01-10 20:52:30.338 [warning] No remotes found in the git config file.
2023-01-10 20:52:30.341 [info] > git for-each-ref --format=%(refname)%00%(upstream:short)%00%(objectname)%00%(upstream:track)%00%(upstream:remotename)%00%(upstream:remoteref) refs/heads/master refs/remotes/master [32ms]
2023-01-10 20:52:30.343 [info] > git remote --verbose [6ms]
2023-01-10 20:52:30.442 [info] > git status -z -uall [66ms]
2023-01-10 20:52:30.443 [info] > git for-each-ref --sort -committerdate --format %(refname) %(objectname) %(*objectname) [10ms]
2023-01-10 20:52:35.640 [warning] No remotes found in the git config file.
2023-01-10 20:52:35.645 [info] > git for-each-ref --format=%(refname)%00%(upstream:short)%00%(objectname)%00%(upstream:track)%00%(upstream:remotename)%00%(upstream:remoteref) refs/heads/master refs/remotes/master [51ms]
2023-01-10 20:52:35.646 [info] > git config --get commit.template [94ms]
2023-01-10 20:52:35.648 [info] > git remote --verbose [8ms]
2023-01-10 20:52:35.727 [info] > git status -z -uall [39ms]
2023-01-10 20:52:35.735 [info] > git for-each-ref --sort -committerdate --format %(refname) %(objectname) %(*objectname) [11ms]
2023-01-10 20:52:39.940 [info] > git show --textconv :Google.html [36ms]
2023-01-10 20:52:39.946 [info] > git ls-files --stage -- /home/ulrich/Google.html [10ms]
2023-01-10 20:52:40.278 [info] > git check-ignore -v -z --stdin [8ms]
2023-01-10 20:52:40.865 [info] > git config --get commit.template [7ms]
2023-01-10 20:52:40.935 [warning] No remotes found in the git config file.
2023-01-10 20:52:40.937 [info] > git for-each-ref --format=%(refname)%00%(upstream:short)%00%(objectname)%00%(upstream:track)%00%(upstream:remotename)%00%(upstream:remoteref) refs/heads/master refs/remotes/master [36ms]
2023-01-10 20:52:40.938 [info] > git remote --verbose [4ms]
2023-01-10 20:52:41.014 [info] > git status -z -uall [39ms]
2023-01-10 20:52:41.022 [info] > git for-each-ref --sort -committerdate --format %(refname) %(objectname) %(*objectname) [11ms]
2023-01-10 20:52:46.124 [info] > git config --get commit.template [35ms]
2023-01-10 20:52:46.156 [warning] No remotes found in the git config file.
2023-01-10 20:52:46.159 [info] > git for-each-ref --format=%(refname)%00%(upstream:short)%00%(objectname)%00%(upstream:track)%00%(upstream:remotename)%00%(upstream:remoteref) refs/heads/master refs/remotes/master [37ms]
2023-01-10 20:52:46.161 [info] > git remote --verbose [5ms]
2023-01-10 20:52:46.234 [info] > git status -z -uall [41ms]
2023-01-10 20:52:46.243 [info] > git for-each-ref --sort -committerdate --format %(refname) %(objectname) %(*objectname) [11ms]
2023-01-10 20:52:51.350 [info] > git config --get commit.template [6ms]
2023-01-10 20:52:51.447 [warning] No remotes found in the git config file.
2023-01-10 20:52:51.451 [info] > git for-each-ref --format=%(refname)%00%(upstream:short)%00%(objectname)%00%(upstream:track)%00%(upstream:remotename)%00%(upstream:remoteref) refs/heads/master refs/remotes/master [51ms]
2023-01-10 20:52:51.453 [info] > git remote --verbose [6ms]
2023-01-10 20:52:51.553 [info] > git status -z -uall [52ms]
2023-01-10 20:52:51.567 [info] > git for-each-ref --sort -committerdate --format %(refname) %(objectname) %(*objectname) [19ms]
2023-01-10 20:52:56.683 [info] > git config --get commit.template [8ms]
2023-01-10 20:52:56.773 [warning] No remotes found in the git config file.
2023-01-10 20:52:56.776 [info] > git for-each-ref --format=%(refname)%00%(upstream:short)%00%(objectname)%00%(upstream:track)%00%(upstream:remotename)%00%(upstream:remoteref) refs/heads/master refs/remotes/master [40ms]
2023-01-10 20:52:56.778 [info] > git remote --verbose [5ms]
2023-01-10 20:52:56.850 [info] > git status -z -uall [32ms]
2023-01-10 20:52:56.857 [info] > git for-each-ref --sort -committerdate --format %(refname) %(objectname) %(*objectname) [10ms]
2023-01-10 20:53:01.972 [info] > git config --get commit.template [4ms]
2023-01-10 20:53:02.041 [warning] No remotes found in the git config file.
2023-01-10 20:53:02.046 [info] > git for-each-ref --format=%(refname)%00%(upstream:short)%00%(objectname)%00%(upstream:track)%00%(upstream:remotename)%00%(upstream:remoteref) refs/heads/master refs/remotes/master [35ms]
2023-01-10 20:53:02.047 [info] > git remote --verbose [6ms]
2023-01-10 20:53:02.132 [info] > git status -z -uall [45ms]
2023-01-10 20:53:02.141 [info] > git for-each-ref --sort -committerdate --format %(refname) %(objectname) %(*objectname) [12ms]
2023-01-10 20:53:07.225 [info] > git config --get commit.template [6ms]
2023-01-10 20:53:07.327 [warning] No remotes found in the git config file.
2023-01-10 20:53:07.332 [info] > git remote --verbose [5ms]
2023-01-10 20:53:07.333 [info] > git for-each-ref --format=%(refname)%00%(upstream:short)%00%(objectname)%00%(upstream:track)%00%(upstream:remotename)%00%(upstream:remoteref) refs/heads/master refs/remotes/master [59ms]
2023-01-10 20:53:07.435 [info] > git status -z -uall [56ms]
2023-01-10 20:53:07.453 [info] > git for-each-ref --sort -committerdate --format %(refname) %(objectname) %(*objectname) [22ms]
2023-01-10 20:53:12.556 [info] > git config --get commit.template [2ms]
2023-01-10 20:53:12.572 [warning] No remotes found in the git config file.
2023-01-10 20:53:12.608 [info] > git remote --verbose [36ms]
2023-01-10 20:53:12.617 [info] > git for-each-ref --format=%(refname)%00%(upstream:short)%00%(objectname)%00%(upstream:track)%00%(upstream:remotename)%00%(upstream:remoteref) refs/heads/master refs/remotes/master [10ms]
2023-01-10 20:53:12.713 [info] > git status -z -uall [45ms]
2023-01-10 20:53:12.724 [info] > git for-each-ref --sort -committerdate --format %(refname) %(objectname) %(*objectname) [13ms]
2023-01-10 20:53:17.869 [warning] No remotes found in the git config file.
2023-01-10 20:53:17.910 [info] > git config --get commit.template [85ms]
2023-01-10 20:53:17.912 [info] > git for-each-ref --format=%(refname)%00%(upstream:short)%00%(objectname)%00%(upstream:track)%00%(upstream:remotename)%00%(upstream:remoteref) refs/heads/master refs/remotes/master [6ms]
2023-01-10 20:53:17.913 [info] > git remote --verbose [44ms]
2023-01-10 20:53:17.999 [info] > git status -z -uall [46ms]
2023-01-10 20:53:18.009 [info] > git for-each-ref --sort -committerdate --format %(refname) %(objectname) %(*objectname) [11ms]
2023-01-10 20:53:23.086 [info] > git config --get commit.template [3ms]
2023-01-10 20:53:23.161 [warning] No remotes found in the git config file.
2023-01-10 20:53:23.164 [info] > git for-each-ref --format=%(refname)%00%(upstream:short)%00%(objectname)%00%(upstream:track)%00%(upstream:remotename)%00%(upstream:remoteref) refs/heads/master refs/remotes/master [41ms]
2023-01-10 20:53:23.166 [info] > git remote --verbose [6ms]
2023-01-10 20:53:23.239 [info] > git status -z -uall [42ms]
2023-01-10 20:53:23.248 [info] > git for-each-ref --sort -committerdate --format %(refname) %(objectname) %(*objectname) [13ms]
2023-01-10 20:53:28.313 [info] > git config --get commit.template [4ms]
2023-01-10 20:53:28.403 [warning] No remotes found in the git config file.
2023-01-10 20:53:28.406 [info] > git for-each-ref --format=%(refname)%00%(upstream:short)%00%(objectname)%00%(upstream:track)%00%(upstream:remotename)%00%(upstream:remoteref) refs/heads/master refs/remotes/master [48ms]
2023-01-10 20:53:28.409 [info] > git remote --verbose [7ms]
2023-01-10 20:53:28.503 [info] > git status -z -uall [46ms]
2023-01-10 20:53:28.514 [info] > git for-each-ref --sort -committerdate --format %(refname) %(objectname) %(*objectname) [13ms]
2023-01-10 20:53:33.690 [warning] No remotes found in the git config file.
2023-01-10 20:53:33.697 [info] > git for-each-ref --format=%(refname)%00%(upstream:short)%00%(objectname)%00%(upstream:track)%00%(upstream:remotename)%00%(upstream:remoteref) refs/heads/master refs/remotes/master [41ms]
2023-01-10 20:53:33.700 [info] > git config --get commit.template [84ms]
2023-01-10 20:53:33.703 [info] > git remote --verbose [14ms]
2023-01-10 20:53:33.777 [info] > git status -z -uall [31ms]
2023-01-10 20:53:33.783 [info] > git for-each-ref --sort -committerdate --format %(refname) %(objectname) %(*objectname) [7ms]
2023-01-10 20:53:38.967 [warning] No remotes found in the git config file.
2023-01-10 20:53:38.970 [info] > git config --get commit.template [103ms]
2023-01-10 20:53:38.972 [info] > git remote --verbose [6ms]
2023-01-10 20:53:38.973 [info] > git for-each-ref --format=%(refname)%00%(upstream:short)%00%(objectname)%00%(upstream:track)%00%(upstream:remotename)%00%(upstream:remoteref) refs/heads/master refs/remotes/master [57ms]
2023-01-10 20:53:39.104 [info] > git status -z -uall [54ms]
2023-01-10 20:53:39.112 [info] > git for-each-ref --sort -committerdate --format %(refname) %(objectname) %(*objectname) [11ms]
2023-01-10 20:53:47.748 [warning] No remotes found in the git config file.
2023-01-10 20:53:47.754 [info] > git config --get commit.template [82ms]
2023-01-10 20:53:47.759 [info] > git remote --verbose [12ms]
2023-01-10 20:53:47.761 [info] > git for-each-ref --format=%(refname)%00%(upstream:short)%00%(objectname)%00%(upstream:track)%00%(upstream:remotename)%00%(upstream:remoteref) refs/heads/master refs/remotes/master [55ms]
2023-01-10 20:53:47.829 [info] > git status -z -uall [30ms]
2023-01-10 20:53:47.836 [info] > git for-each-ref --sort -committerdate --format %(refname) %(objectname) %(*objectname) [9ms]
2023-01-10 20:53:52.916 [info] > git config --get commit.template [8ms]
2023-01-10 20:53:53.004 [warning] No remotes found in the git config file.
2023-01-10 20:53:53.008 [info] > git for-each-ref --format=%(refname)%00%(upstream:short)%00%(objectname)%00%(upstream:track)%00%(upstream:remotename)%00%(upstream:remoteref) refs/heads/master refs/remotes/master [45ms]
2023-01-10 20:53:53.012 [info] > git remote --verbose [8ms]
2023-01-10 20:53:53.069 [info] > git status -z -uall [23ms]
2023-01-10 20:53:53.076 [info] > git for-each-ref --sort -committerdate --format %(refname) %(objectname) %(*objectname) [9ms]
2023-01-10 20:53:58.240 [warning] No remotes found in the git config file.
2023-01-10 20:53:58.244 [info] > git config --get commit.template [85ms]
2023-01-10 20:53:58.246 [info] > git remote --verbose [7ms]
2023-01-10 20:53:58.247 [info] > git for-each-ref --format=%(refname)%00%(upstream:short)%00%(objectname)%00%(upstream:track)%00%(upstream:remotename)%00%(upstream:remoteref) refs/heads/master refs/remotes/master [44ms]
2023-01-10 20:53:58.331 [info] > git status -z -uall [45ms]
2023-01-10 20:53:58.343 [info] > git for-each-ref --sort -committerdate --format %(refname) %(objectname) %(*objectname) [15ms]
2023-01-10 20:54:03.528 [warning] No remotes found in the git config file.
2023-01-10 20:54:03.532 [info] > git config --get commit.template [70ms]
2023-01-10 20:54:03.534 [info] > git remote --verbose [7ms]
2023-01-10 20:54:03.535 [info] > git for-each-ref --format=%(refname)%00%(upstream:short)%00%(objectname)%00%(upstream:track)%00%(upstream:remotename)%00%(upstream:remoteref) refs/heads/master refs/remotes/master [39ms]
2023-01-10 20:54:03.599 [info] > git status -z -uall [32ms]
2023-01-10 20:54:03.605 [info] > git for-each-ref --sort -committerdate --format %(refname) %(objectname) %(*objectname) [6ms]
2023-01-10 20:54:43.009 [warning] No remotes found in the git config file.
2023-01-10 20:54:43.011 [info] > git config --get commit.template [84ms]
2023-01-10 20:54:43.014 [info] > git remote --verbose [5ms]
2023-01-10 20:54:43.015 [info] > git for-each-ref --format=%(refname)%00%(upstream:short)%00%(objectname)%00%(upstream:track)%00%(upstream:remotename)%00%(upstream:remoteref) refs/heads/master refs/remotes/master [35ms]
2023-01-10 20:54:43.078 [info] > git status -z -uall [32ms]
2023-01-10 20:54:43.091 [info] > git for-each-ref --sort -committerdate --format %(refname) %(objectname) %(*objectname) [16ms]
2023-01-10 20:54:48.209 [info] > git config --get commit.template [35ms]
2023-01-10 20:54:48.239 [warning] No remotes found in the git config file.
2023-01-10 20:54:48.273 [info] > git remote --verbose [33ms]
2023-01-10 20:54:48.273 [info] > git for-each-ref --format=%(refname)%00%(upstream:short)%00%(objectname)%00%(upstream:track)%00%(upstream:remotename)%00%(upstream:remoteref) refs/heads/master refs/remotes/master [66ms]
2023-01-10 20:54:48.347 [info] > git status -z -uall [43ms]
2023-01-10 20:54:48.348 [info] > git for-each-ref --sort -committerdate --format %(refname) %(objectname) %(*objectname) [9ms]
2023-01-10 20:54:53.430 [info] > git config --get commit.template [6ms]
2023-01-10 20:54:53.524 [warning] No remotes found in the git config file.
2023-01-10 20:54:53.528 [info] > git for-each-ref --format=%(refname)%00%(upstream:short)%00%(objectname)%00%(upstream:track)%00%(upstream:remotename)%00%(upstream:remoteref) refs/heads/master refs/remotes/master [52ms]
2023-01-10 20:54:53.531 [info] > git remote --verbose [7ms]
2023-01-10 20:54:53.622 [info] > git status -z -uall [43ms]
2023-01-10 20:54:53.623 [info] > git for-each-ref --sort -committerdate --format %(refname) %(objectname) %(*objectname) [5ms]
2023-01-10 20:54:58.800 [warning] No remotes found in the git config file.
2023-01-10 20:54:58.803 [info] > git for-each-ref --format=%(refname)%00%(upstream:short)%00%(objectname)%00%(upstream:track)%00%(upstream:remotename)%00%(upstream:remoteref) refs/heads/master refs/remotes/master [45ms]
2023-01-10 20:54:58.804 [info] > git config --get commit.template [94ms]
2023-01-10 20:54:58.806 [info] > git remote --verbose [7ms]
2023-01-10 20:54:58.891 [info] > git status -z -uall [33ms]
2023-01-10 20:54:58.899 [info] > git for-each-ref --sort -committerdate --format %(refname) %(objectname) %(*objectname) [10ms]
