2023-01-09 15:20:39.188 [info] Added views:workbench.panel.markers.view in workbench.panel.markers
2023-01-09 15:20:39.188 [info] Added views:workbench.panel.output in workbench.panel.output
2023-01-09 15:20:39.188 [info] Added views:terminal in terminal
2023-01-09 15:20:39.188 [info] Added views:outline in workbench.view.explorer
2023-01-09 15:20:39.188 [info] Added views:workbench.scm in workbench.view.scm
2023-01-09 15:20:39.188 [info] Added views:workbench.view.search in workbench.view.search
2023-01-09 15:20:39.188 [info] Added views:timeline in workbench.view.explorer
2023-01-09 15:20:39.189 [info] Added views:workbench.explorer.emptyView in workbench.view.explorer
2023-01-09 15:20:40.412 [info] Added views:workbench.debug.welcome in workbench.view.debug
2023-01-09 15:20:42.771 [info] Added views:workbench.panel.repl.view in workbench.panel.repl
2023-01-09 16:17:11.138 [info] Added views:workbench.panel.markers.view in workbench.panel.markers
2023-01-09 16:17:11.138 [info] Added views:workbench.panel.output in workbench.panel.output
2023-01-09 16:17:11.138 [info] Added views:terminal in terminal
2023-01-09 16:17:11.138 [info] Added views:outline in workbench.view.explorer
2023-01-09 16:17:11.138 [info] Added views:workbench.scm in workbench.view.scm
2023-01-09 16:17:11.138 [info] Added views:workbench.view.search in workbench.view.search
2023-01-09 16:17:11.138 [info] Added views:timeline in workbench.view.explorer
2023-01-09 16:17:11.138 [info] Added views:workbench.explorer.fileView in workbench.view.explorer
2023-01-09 16:17:11.138 [info] Added views:workbench.debug.variablesView,workbench.debug.watchExpressionsView,workbench.debug.callStackView,workbench.debug.breakPointsView in workbench.view.debug
2023-01-09 16:17:13.457 [info] Added views:workbench.panel.repl.view in workbench.panel.repl
2023-01-09 16:17:13.466 [info] Removed views:workbench.debug.breakPointsView,workbench.debug.callStackView,workbench.debug.watchExpressionsView,workbench.debug.variablesView from workbench.view.debug
2023-01-09 16:17:13.479 [info] Added views:workbench.debug.welcome in workbench.view.debug
